make all --print-data-base --no-builtin-variables --no-builtin-rules --question
make: *** No rule to make target 'all'.  Stop.
 
# GNU Make 4.3
# Built for x86_64-pc-linux-gnu
# Copyright (C) 1988-2020 Free Software Foundation, Inc.
# License GPLv3+: GNU GPL version 3 or later <http://gnu.org/licenses/gpl.html>
# This is free software: you are free to change and redistribute it.
# There is NO WARRANTY, to the extent permitted by law.

# Make data base, printed on Thu Oct 28 13:06:37 2021

# Variables

# makefile (from 'Makefile', line 4)
OBJ = linux
# environment
LC_ALL = C
# environment
VSCODE_INJECT_NODE_MODULE_LOOKUP_PATH = /home/jwyjohn/.vscode-server/bin/7f6ab5485bbc008386c4386d08766667e155244e/remote/node_modules
# environment
VSCODE_CWD = /home/jwyjohn
# default
MAKE_COMMAND := make
# automatic
@D = $(patsubst %/,%,$(dir $@))
# environment
VSCODE_HANDLES_UNCAUGHT_ERRORS = true
# default
.VARIABLES := 
# environment
PWD = /home/jwyjohn/Playground/Jwy_DataStructureHomework/02_Joseph
# automatic
%D = $(patsubst %/,%,$(dir $%))
# environment
MAIL = /var/spool/mail/jwyjohn
# environment
XDG_DATA_DIRS = /usr/local/share:/usr/share:/var/lib/snapd/desktop
# environment
OLDPWD = /home/jwyjohn/.vscode-server/bin/7f6ab5485bbc008386c4386d08766667e155244e
# automatic
^D = $(patsubst %/,%,$(dir $^))
# environment
VSCODE_LOG_STACK = false
# automatic
%F = $(notdir $%)
# environment
LANG = C
# default
.LOADED := 
# default
.INCLUDE_DIRS = /usr/include /usr/local/include /usr/include
# makefile
MAKEFLAGS = pqrR
# makefile
CURDIR := /home/jwyjohn/Playground/Jwy_DataStructureHomework/02_Joseph
# environment
VSCODE_PIPE_LOGGING = true
# environment
APPLICATION_INSIGHTS_NO_DIAGNOSTIC_CHANNEL = true
# automatic
*D = $(patsubst %/,%,$(dir $*))
# environment
MFLAGS = -pqrR
# default
.SHELLFLAGS := -c
# automatic
+D = $(patsubst %/,%,$(dir $+))
# makefile (from 'Makefile', line 1)
MAKEFILE_LIST := Makefile
# automatic
@F = $(notdir $@)
# environment
VSCODE_VERBOSE_LOGGING = true
# environment
XDG_SESSION_TYPE = tty
# automatic
?D = $(patsubst %/,%,$(dir $?))
# automatic
*F = $(notdir $*)
# environment
DBUS_SESSION_BUS_ADDRESS = unix:path=/run/user/1000/bus
# automatic
<D = $(patsubst %/,%,$(dir $<))
# environment
VSCODE_NLS_CONFIG = {"locale":"en","availableLanguages":{}}
# default
MAKE_HOST := x86_64-pc-linux-gnu
# makefile
SHELL = /bin/sh
# default
MAKECMDGOALS := all
# environment
SHLVL = 1
# environment
MAKELEVEL := 0
# default
MAKE = $(MAKE_COMMAND)
# environment
PATH = /home/jwyjohn/.vscode-server/bin/7f6ab5485bbc008386c4386d08766667e155244e/bin:/home/jwyjohn/.local/bin:/home/jwyjohn/.vscode-server/bin/7f6ab5485bbc008386c4386d08766667e155244e/bin:/usr/local/sbin:/usr/local/bin:/usr/bin:/usr/bin/site_perl:/usr/bin/vendor_perl:/usr/bin/core_perl:/var/lib/snapd/snap/bin
# default
MAKEFILES := 
# environment
MOTD_SHOWN = pam
# automatic
^F = $(notdir $^)
# environment
SSH_CLIENT = 192.168.7.176 53845 22
# environment
VSCODE_LOG_NATIVE = false
# automatic
?F = $(notdir $?)
# environment
LS_COLORS = 
# automatic
+F = $(notdir $+)
# 'override' directive
GNUMAKEFLAGS := 
# environment
BROWSER = /home/jwyjohn/.vscode-server/bin/7f6ab5485bbc008386c4386d08766667e155244e/bin/helpers/browser.sh
# environment
LOGNAME = jwyjohn
# makefile
.DEFAULT_GOAL := build
# makefile (from 'Makefile', line 3)
RM = rm -f
# makefile (from 'Makefile', line 5)
SOURCE = main.o
# environment
USER = jwyjohn
# default
MAKE_VERSION := 4.3
# makefile (from 'Makefile', line 6)
DEPEND = main.cpp
# environment
VSCODE_EXTHOST_WILL_SEND_SOCKET = true
# makefile (from 'Makefile', line 2)
COMPILE = g++
# environment
VSCODE_AGENT_FOLDER = /home/jwyjohn/.vscode-server
# environment
_ = /usr/bin/make
# environment
XDG_RUNTIME_DIR = /run/user/1000
# makefile (from 'Makefile', line 1)
CFLAGS = -c -Wall -Werror
# environment
VSCODE_IPC_HOOK_CLI = /run/user/1000/vscode-ipc-c858cff4-c94e-4d4a-85d3-e16a4377d66c.sock
# environment
XDG_SESSION_CLASS = user
# environment
VSCODE_AMD_ENTRYPOINT = vs/server/remoteExtensionHostProcess
# environment
HOME = /home/jwyjohn
# environment
XDG_SESSION_ID = 6
# default
.RECIPEPREFIX := 
# automatic
<F = $(notdir $<)
# default
SUFFIXES := 
# default
.FEATURES := target-specific order-only second-expansion else-if shortest-stem undefine oneshell nocomment grouped-target extra-prereqs archives jobserver output-sync check-symlink guile load
# environment
SSH_CONNECTION = 192.168.7.176 53845 192.168.7.149 22
# variable set hash-table stats:
# Load=76/1024=7%, Rehash=0, Collisions=3/108=3%

# Pattern-specific Variable Values

# No pattern-specific variable values.

# Directories

# . (device 66306, inode 9442418): 8 files, no impossibilities.

# 8 files, no impossibilities in 1 directories.

# Implicit Rules

%.o: %cpp main.cpp
#  recipe to execute (from 'Makefile', line 12):
	$(COMPILE) $(CFLAGS) -o $@ $<

# 1 implicit rules, 0 (0.0%) terminal.
# Files

# Not a target:
Makefile:
#  Implicit rule search has been done.
#  Last modified 2021-10-28 13:06:01.207963608
#  File has been updated.
#  Successfully updated.

clean:
#  Phony target (prerequisite of .PHONY).
#  Implicit rule search has not been done.
#  File does not exist.
#  File has not been updated.
#  recipe to execute (from 'Makefile', line 16):
	$(RM) *.bak $(SOURCE) $(OBJ)
	touch *.*

# Not a target:
.DEFAULT:
#  Implicit rule search has not been done.
#  Modification time never checked.
#  File has not been updated.

# Not a target:
all:
#  Command line target.
#  Implicit rule search has been done.
#  File does not exist.
#  File has not been updated.

build: main.o
#  Implicit rule search has not been done.
#  Modification time never checked.
#  File has not been updated.
#  recipe to execute (from 'Makefile', line 9):
	$(COMPILE) $(SOURCE) -o $(OBJ)

# Not a target:
main.o:
#  Implicit rule search has not been done.
#  Modification time never checked.
#  File has not been updated.

.PHONY: clean
#  Implicit rule search has not been done.
#  Modification time never checked.
#  File has not been updated.

# files hash-table stats:
# Load=8/1024=1%, Rehash=0, Collisions=0/21=0%
# VPATH Search Paths

# No 'vpath' search paths.

# No general ('VPATH' variable) search path.

# strcache buffers: 1 (0) / strings = 19 / storage = 156 B / avg = 8 B
# current buf: size = 8162 B / used = 156 B / count = 19 / avg = 8 B

# strcache performance: lookups = 28 / hit rate = 32%
# hash-table stats:
# Load=19/8192=0%, Rehash=0, Collisions=0/28=0%
# Finished Make data base on Thu Oct 28 13:06:37 2021

 
